<?xml version="1.0" encoding="UTF-8"?>
<!-- Generated by org.testng.reporters.JUnitXMLReporter -->
<testsuite hostname="DESKTOP-DTHFC9P" ignored="0" name="Test" tests="1" failures="1" timestamp="2021-12-09T18:13:41 IST" time="33.668" errors="0">
  <testcase name="@AfterMethod postcondition" time="0.296" classname="com.allenplusgw.genric.BaseLib">
    <failure type="org.openqa.selenium.UnhandledAlertException" message="Dismissed user prompt dialog: Invalid Token: 
Build info: version: &amp;apos;4.0.0&amp;apos;, revision: &amp;apos;3a21814679&amp;apos;
System info: host: &amp;apos;DESKTOP-DTHFC9P&amp;apos;, ip: &amp;apos;10.8.0.190&amp;apos;, os.name: &amp;apos;Windows 10&amp;apos;, os.arch: &amp;apos;amd64&amp;apos;, os.version: &amp;apos;10.0&amp;apos;, java.version: &amp;apos;1.8.0_271&amp;apos;
Driver info: org.openqa.selenium.firefox.FirefoxDriver
Command: [cab95a3d-57e5-4175-8b79-8b0e97cc48c1, screenshot {}]
Capabilities {acceptInsecureCerts: true, browserName: firefox, browserVersion: 94.0.2, javascriptEnabled: true, moz:accessibilityChecks: false, moz:buildID: 20211119140621, moz:debuggerAddress: localhost:55275, moz:geckodriverVersion: 0.30.0, moz:headless: false, moz:processID: 10244, moz:profile: C:\Users\ginger\AppData\Loc..., moz:shutdownTimeout: 60000, moz:useNonSpecCompliantPointerOrigin: false, moz:webdriverClick: true, pageLoadStrategy: normal, platform: WINDOWS, platformName: WINDOWS, platformVersion: 10.0, proxy: Proxy(), se:cdp: ws://localhost:55275/devtoo..., se:cdpVersion: 85, setWindowRect: true, strictFileInteractability: false, timeouts: {implicit: 0, pageLoad: 300000, script: 30000}, unhandledPromptBehavior: dismiss and notify}
Session ID: cab95a3d-57e5-4175-8b79-8b0e97cc48c1">
      <![CDATA[org.openqa.selenium.UnhandledAlertException: Dismissed user prompt dialog: Invalid Token: 
Build info: version: '4.0.0', revision: '3a21814679'
System info: host: 'DESKTOP-DTHFC9P', ip: '10.8.0.190', os.name: 'Windows 10', os.arch: 'amd64', os.version: '10.0', java.version: '1.8.0_271'
Driver info: org.openqa.selenium.firefox.FirefoxDriver
Command: [cab95a3d-57e5-4175-8b79-8b0e97cc48c1, screenshot {}]
Capabilities {acceptInsecureCerts: true, browserName: firefox, browserVersion: 94.0.2, javascriptEnabled: true, moz:accessibilityChecks: false, moz:buildID: 20211119140621, moz:debuggerAddress: localhost:55275, moz:geckodriverVersion: 0.30.0, moz:headless: false, moz:processID: 10244, moz:profile: C:\Users\ginger\AppData\Loc..., moz:shutdownTimeout: 60000, moz:useNonSpecCompliantPointerOrigin: false, moz:webdriverClick: true, pageLoadStrategy: normal, platform: WINDOWS, platformName: WINDOWS, platformVersion: 10.0, proxy: Proxy(), se:cdp: ws://localhost:55275/devtoo..., se:cdpVersion: 85, setWindowRect: true, strictFileInteractability: false, timeouts: {implicit: 0, pageLoad: 300000, script: 30000}, unhandledPromptBehavior: dismiss and notify}
Session ID: cab95a3d-57e5-4175-8b79-8b0e97cc48c1
at org.openqa.selenium.remote.codec.w3c.W3CHttpResponseCodec.decode(W3CHttpResponseCodec.java:131)
at org.openqa.selenium.remote.codec.w3c.W3CHttpResponseCodec.decode(W3CHttpResponseCodec.java:53)
at org.openqa.selenium.remote.HttpCommandExecutor.execute(HttpCommandExecutor.java:184)
at org.openqa.selenium.remote.service.DriverCommandExecutor.invokeExecute(DriverCommandExecutor.java:164)
at org.openqa.selenium.remote.service.DriverCommandExecutor.execute(DriverCommandExecutor.java:139)
at org.openqa.selenium.remote.RemoteWebDriver.execute(RemoteWebDriver.java:559)
at org.openqa.selenium.remote.RemoteWebDriver.execute(RemoteWebDriver.java:614)
at org.openqa.selenium.remote.RemoteWebDriver.execute(RemoteWebDriver.java:618)
at org.openqa.selenium.remote.RemoteWebDriver.getScreenshotAs(RemoteWebDriver.java:349)
at com.allenplusgw.genric.ScreenShotLib.getScreenShot(ScreenShotLib.java:22)
at com.allenplusgw.genric.BaseLib.postcondition(BaseLib.java:95)
at java.util.ArrayList.forEach(Unknown Source)
... Removed 32 stack frames]]>
    </failure>
  </testcase> <!-- @AfterMethod postcondition -->
  <testcase name="studentLogin" time="4.494" classname="com.allenplusgw.scripts.StudentLoginTest">
    <failure type="org.openqa.selenium.UnhandledAlertException" message="Dismissed user prompt dialog: Session Expired.: 
Build info: version: &amp;apos;4.0.0&amp;apos;, revision: &amp;apos;3a21814679&amp;apos;
System info: host: &amp;apos;DESKTOP-DTHFC9P&amp;apos;, ip: &amp;apos;10.8.0.190&amp;apos;, os.name: &amp;apos;Windows 10&amp;apos;, os.arch: &amp;apos;amd64&amp;apos;, os.version: &amp;apos;10.0&amp;apos;, java.version: &amp;apos;1.8.0_271&amp;apos;
Driver info: org.openqa.selenium.firefox.FirefoxDriver
Command: [cab95a3d-57e5-4175-8b79-8b0e97cc48c1, getCurrentUrl {}]
Capabilities {acceptInsecureCerts: true, browserName: firefox, browserVersion: 94.0.2, javascriptEnabled: true, moz:accessibilityChecks: false, moz:buildID: 20211119140621, moz:debuggerAddress: localhost:55275, moz:geckodriverVersion: 0.30.0, moz:headless: false, moz:processID: 10244, moz:profile: C:\Users\ginger\AppData\Loc..., moz:shutdownTimeout: 60000, moz:useNonSpecCompliantPointerOrigin: false, moz:webdriverClick: true, pageLoadStrategy: normal, platform: WINDOWS, platformName: WINDOWS, platformVersion: 10.0, proxy: Proxy(), se:cdp: ws://localhost:55275/devtoo..., se:cdpVersion: 85, setWindowRect: true, strictFileInteractability: false, timeouts: {implicit: 0, pageLoad: 300000, script: 30000}, unhandledPromptBehavior: dismiss and notify}
Session ID: cab95a3d-57e5-4175-8b79-8b0e97cc48c1">
      <![CDATA[org.openqa.selenium.UnhandledAlertException: Dismissed user prompt dialog: Session Expired.: 
Build info: version: '4.0.0', revision: '3a21814679'
System info: host: 'DESKTOP-DTHFC9P', ip: '10.8.0.190', os.name: 'Windows 10', os.arch: 'amd64', os.version: '10.0', java.version: '1.8.0_271'
Driver info: org.openqa.selenium.firefox.FirefoxDriver
Command: [cab95a3d-57e5-4175-8b79-8b0e97cc48c1, getCurrentUrl {}]
Capabilities {acceptInsecureCerts: true, browserName: firefox, browserVersion: 94.0.2, javascriptEnabled: true, moz:accessibilityChecks: false, moz:buildID: 20211119140621, moz:debuggerAddress: localhost:55275, moz:geckodriverVersion: 0.30.0, moz:headless: false, moz:processID: 10244, moz:profile: C:\Users\ginger\AppData\Loc..., moz:shutdownTimeout: 60000, moz:useNonSpecCompliantPointerOrigin: false, moz:webdriverClick: true, pageLoadStrategy: normal, platform: WINDOWS, platformName: WINDOWS, platformVersion: 10.0, proxy: Proxy(), se:cdp: ws://localhost:55275/devtoo..., se:cdpVersion: 85, setWindowRect: true, strictFileInteractability: false, timeouts: {implicit: 0, pageLoad: 300000, script: 30000}, unhandledPromptBehavior: dismiss and notify}
Session ID: cab95a3d-57e5-4175-8b79-8b0e97cc48c1
at org.openqa.selenium.remote.codec.w3c.W3CHttpResponseCodec.decode(W3CHttpResponseCodec.java:131)
at org.openqa.selenium.remote.codec.w3c.W3CHttpResponseCodec.decode(W3CHttpResponseCodec.java:53)
at org.openqa.selenium.remote.HttpCommandExecutor.execute(HttpCommandExecutor.java:184)
at org.openqa.selenium.remote.service.DriverCommandExecutor.invokeExecute(DriverCommandExecutor.java:164)
at org.openqa.selenium.remote.service.DriverCommandExecutor.execute(DriverCommandExecutor.java:139)
at org.openqa.selenium.remote.RemoteWebDriver.execute(RemoteWebDriver.java:559)
at org.openqa.selenium.remote.RemoteWebDriver.execute(RemoteWebDriver.java:614)
at org.openqa.selenium.remote.RemoteWebDriver.execute(RemoteWebDriver.java:618)
at org.openqa.selenium.remote.RemoteWebDriver.getCurrentUrl(RemoteWebDriver.java:340)
at com.allenplusgw.pom.StudentLoginPage.<init>(StudentLoginPage.java:39)
at com.allenplusgw.scripts.StudentLoginTest.studentLogin(StudentLoginTest.java:20)
at java.util.ArrayList.forEach(Unknown Source)
... Removed 27 stack frames]]>
    </failure>
  </testcase> <!-- studentLogin -->
</testsuite> <!-- Test -->
