<?xml version="1.0" encoding="UTF-8"?>
<testng-results skipped="0" failed="0" ignored="0" total="1" passed="1">
  <reporter-output>
    <line>
      <![CDATA[FireFox is Launched]]>
    </line>
    <line>
      <![CDATA[
                  ==========================================================
                      Test is Executed on student Panel at QA server
                  ==========================================================
]]>
    </line>
  </reporter-output>
  <suite name="Suite" duration-ms="42638" started-at="2021-11-26T12:11:17 IST" finished-at="2021-11-26T12:12:00 IST">
    <groups>
    </groups>
    <test name="Test" duration-ms="42638" started-at="2021-11-26T12:11:17 IST" finished-at="2021-11-26T12:12:00 IST">
      <class name="com.allenplus.scripts.StudentLoginTest">
        <test-method status="PASS" signature="preCondition(java.lang.String)[pri:0, instance:com.allenplus.scripts.StudentLoginTest@42607a4f]" name="preCondition" is-config="true" duration-ms="14898" started-at="2021-11-26T12:11:17 IST" finished-at="2021-11-26T12:11:32 IST">
          <params>
            <param index="0">
              <value>
                <![CDATA[firefox]]>
              </value>
            </param>
          </params>
          <reporter-output>
            <line>
              <![CDATA[FireFox is Launched]]>
            </line>
          </reporter-output>
        </test-method> <!-- preCondition -->
        <test-method status="PASS" signature="studentLogin()[pri:0, instance:com.allenplus.scripts.StudentLoginTest@42607a4f]" name="studentLogin" duration-ms="21610" started-at="2021-11-26T12:11:32 IST" finished-at="2021-11-26T12:11:54 IST">
          <reporter-output>
            <line>
              <![CDATA[
                  ==========================================================
                      Test is Executed on student Panel at QA server
                  ==========================================================
]]>
            </line>
          </reporter-output>
        </test-method> <!-- studentLogin -->
        <test-method status="PASS" signature="postcondition(org.testng.ITestResult)[pri:0, instance:com.allenplus.scripts.StudentLoginTest@42607a4f]" name="postcondition" is-config="true" duration-ms="6084" started-at="2021-11-26T12:11:54 IST" finished-at="2021-11-26T12:12:00 IST">
          <params>
            <param index="0">
              <value>
                <![CDATA[[TestResult name=studentLogin status=SUCCESS method=StudentLoginTest.studentLogin()[pri:0, instance:com.allenplus.scripts.StudentLoginTest@42607a4f] output=
                  ==========================================================
                      Test is Executed on student Panel at QA server
                  ==========================================================
]]]>
              </value>
            </param>
          </params>
          <reporter-output>
          </reporter-output>
        </test-method> <!-- postcondition -->
      </class> <!-- com.allenplus.scripts.StudentLoginTest -->
    </test> <!-- Test -->
  </suite> <!-- Suite -->
</testng-results>
